--------------------------------------------------------------------------------
[Sep 23, 2025 2:42:32.5 PM GMT:ERROR:creative_new_tab_page_ads_util.cc(123)] Successfully saved creative new tab page ads
[Sep 23, 2025 2:42:32.5 PM GMT:ERROR:creative_new_tab_page_ads_util.cc(108)] Successfully saved creative set conversions
--------------------------------------------------------------------------------
[Sep 23, 2025 2:43:09.0 PM GMT:ERROR:creative_new_tab_page_ads_util.cc(123)] Successfully saved creative new tab page ads
[Sep 23, 2025 2:43:09.0 PM GMT:ERROR:creative_new_tab_page_ads_util.cc(108)] Successfully saved creative set conversions
--------------------------------------------------------------------------------
[Sep 23, 2025 2:46:25.2 PM GMT:ERROR:creative_new_tab_page_ads_util.cc(123)] Successfully saved creative new tab page ads
[Sep 23, 2025 2:46:25.2 PM GMT:ERROR:creative_new_tab_page_ads_util.cc(108)] Successfully saved creative set conversions
--------------------------------------------------------------------------------
[Sep 23, 2025 2:50:05.8 PM GMT:ERROR:creative_new_tab_page_ads_util.cc(123)] Successfully saved creative new tab page ads
[Sep 23, 2025 2:50:05.8 PM GMT:ERROR:creative_new_tab_page_ads_util.cc(108)] Successfully saved creative set conversions
--------------------------------------------------------------------------------
[Sep 23, 2025 2:50:51.2 PM GMT:ERROR:creative_new_tab_page_ads_util.cc(123)] Successfully saved creative new tab page ads
[Sep 23, 2025 2:50:51.2 PM GMT:ERROR:creative_new_tab_page_ads_util.cc(108)] Successfully saved creative set conversions
--------------------------------------------------------------------------------
[Sep 23, 2025 2:53:34.1 PM GMT:ERROR:creative_new_tab_page_ads_util.cc(123)] Successfully saved creative new tab page ads
[Sep 23, 2025 2:53:34.1 PM GMT:ERROR:creative_new_tab_page_ads_util.cc(108)] Successfully saved creative set conversions
--------------------------------------------------------------------------------
[Sep 23, 2025 2:58:15.9 PM GMT:ERROR:creative_new_tab_page_ads_util.cc(123)] Successfully saved creative new tab page ads
[Sep 23, 2025 2:58:15.9 PM GMT:ERROR:creative_new_tab_page_ads_util.cc(108)] Successfully saved creative set conversions
--------------------------------------------------------------------------------
[Sep 23, 2025 3:01:53.5 PM GMT:ERROR:creative_new_tab_page_ads_util.cc(123)] Successfully saved creative new tab page ads
[Sep 23, 2025 3:01:53.5 PM GMT:ERROR:creative_new_tab_page_ads_util.cc(108)] Successfully saved creative set conversions
--------------------------------------------------------------------------------
[Sep 23, 2025 3:03:54.4 PM GMT:ERROR:creative_new_tab_page_ads_util.cc(123)] Successfully saved creative new tab page ads
[Sep 23, 2025 3:03:54.4 PM GMT:ERROR:creative_new_tab_page_ads_util.cc(108)] Successfully saved creative set conversions
--------------------------------------------------------------------------------
[Sep 23, 2025 3:06:13.3 PM GMT:ERROR:creative_new_tab_page_ads_util.cc(123)] Successfully saved creative new tab page ads
[Sep 23, 2025 3:06:13.3 PM GMT:ERROR:creative_new_tab_page_ads_util.cc(108)] Successfully saved creative set conversions
--------------------------------------------------------------------------------
[Sep 23, 2025 3:21:44.2 PM GMT:ERROR:creative_new_tab_page_ads_util.cc(123)] Successfully saved creative new tab page ads
[Sep 23, 2025 3:21:44.2 PM GMT:ERROR:creative_new_tab_page_ads_util.cc(108)] Successfully saved creative set conversions
--------------------------------------------------------------------------------
[Sep 23, 2025 3:24:28.5 PM GMT:ERROR:creative_new_tab_page_ads_util.cc(123)] Successfully saved creative new tab page ads
[Sep 23, 2025 3:24:28.5 PM GMT:ERROR:creative_new_tab_page_ads_util.cc(108)] Successfully saved creative set conversions
--------------------------------------------------------------------------------
[Sep 23, 2025 3:29:16.4 PM GMT:ERROR:creative_new_tab_page_ads_util.cc(123)] Successfully saved creative new tab page ads
[Sep 23, 2025 3:29:16.4 PM GMT:ERROR:creative_new_tab_page_ads_util.cc(108)] Successfully saved creative set conversions
--------------------------------------------------------------------------------
[Sep 23, 2025 3:31:01.7 PM GMT:ERROR:creative_new_tab_page_ads_util.cc(123)] Successfully saved creative new tab page ads
[Sep 23, 2025 3:31:01.7 PM GMT:ERROR:creative_new_tab_page_ads_util.cc(108)] Successfully saved creative set conversions
--------------------------------------------------------------------------------
[Sep 23, 2025 3:33:00.5 PM GMT:ERROR:creative_new_tab_page_ads_util.cc(123)] Successfully saved creative new tab page ads
[Sep 23, 2025 3:33:00.5 PM GMT:ERROR:creative_new_tab_page_ads_util.cc(108)] Successfully saved creative set conversions
--------------------------------------------------------------------------------
[Sep 23, 2025 3:37:20.4 PM GMT:ERROR:creative_new_tab_page_ads_util.cc(123)] Successfully saved creative new tab page ads
[Sep 23, 2025 3:37:20.4 PM GMT:ERROR:creative_new_tab_page_ads_util.cc(108)] Successfully saved creative set conversions
--------------------------------------------------------------------------------
[Sep 23, 2025 3:38:11.4 PM GMT:ERROR:creative_new_tab_page_ads_util.cc(123)] Successfully saved creative new tab page ads
[Sep 23, 2025 3:38:11.4 PM GMT:ERROR:creative_new_tab_page_ads_util.cc(108)] Successfully saved creative set conversions
--------------------------------------------------------------------------------
[Sep 30, 2025 9:18:53.9 AM GMT:ERROR:creative_new_tab_page_ads_util.cc(123)] Successfully saved creative new tab page ads
[Sep 30, 2025 9:18:53.9 AM GMT:ERROR:creative_new_tab_page_ads_util.cc(108)] Successfully saved creative set conversions
[Sep 30, 2025 9:19:08.2 AM GMT:ERROR:creative_new_tab_page_ads_util.cc(123)] Successfully saved creative new tab page ads
[Sep 30, 2025 9:19:08.2 AM GMT:ERROR:creative_new_tab_page_ads_util.cc(108)] Successfully saved creative set conversions
--------------------------------------------------------------------------------
[Sep 30, 2025 9:22:20.6 AM GMT:ERROR:creative_new_tab_page_ads_util.cc(123)] Successfully saved creative new tab page ads
[Sep 30, 2025 9:22:20.6 AM GMT:ERROR:creative_new_tab_page_ads_util.cc(108)] Successfully saved creative set conversions
--------------------------------------------------------------------------------
[Sep 30, 2025 9:24:08.6 AM GMT:ERROR:creative_new_tab_page_ads_util.cc(123)] Successfully saved creative new tab page ads
[Sep 30, 2025 9:24:08.6 AM GMT:ERROR:creative_new_tab_page_ads_util.cc(108)] Successfully saved creative set conversions
--------------------------------------------------------------------------------
[Sep 30, 2025 9:29:15.8 AM GMT:ERROR:creative_new_tab_page_ads_util.cc(123)] Successfully saved creative new tab page ads
[Sep 30, 2025 9:29:15.8 AM GMT:ERROR:creative_new_tab_page_ads_util.cc(108)] Successfully saved creative set conversions
--------------------------------------------------------------------------------
[Sep 30, 2025 9:30:30.0 AM GMT:ERROR:creative_new_tab_page_ads_util.cc(123)] Successfully saved creative new tab page ads
[Sep 30, 2025 9:30:30.0 AM GMT:ERROR:creative_new_tab_page_ads_util.cc(108)] Successfully saved creative set conversions
--------------------------------------------------------------------------------
[Sep 30, 2025 9:31:10.7 AM GMT:ERROR:creative_new_tab_page_ads_util.cc(123)] Successfully saved creative new tab page ads
[Sep 30, 2025 9:31:10.7 AM GMT:ERROR:creative_new_tab_page_ads_util.cc(108)] Successfully saved creative set conversions
--------------------------------------------------------------------------------
[Sep 30, 2025 9:32:20.6 AM GMT:ERROR:creative_new_tab_page_ads_util.cc(123)] Successfully saved creative new tab page ads
[Sep 30, 2025 9:32:20.6 AM GMT:ERROR:creative_new_tab_page_ads_util.cc(108)] Successfully saved creative set conversions
--------------------------------------------------------------------------------
[Sep 30, 2025 9:35:04.6 AM GMT:ERROR:creative_new_tab_page_ads_util.cc(123)] Successfully saved creative new tab page ads
[Sep 30, 2025 9:35:04.6 AM GMT:ERROR:creative_new_tab_page_ads_util.cc(108)] Successfully saved creative set conversions
--------------------------------------------------------------------------------
[Sep 30, 2025 9:38:16.8 AM GMT:ERROR:creative_new_tab_page_ads_util.cc(123)] Successfully saved creative new tab page ads
[Sep 30, 2025 9:38:16.8 AM GMT:ERROR:creative_new_tab_page_ads_util.cc(108)] Successfully saved creative set conversions
--------------------------------------------------------------------------------
[Sep 30, 2025 9:50:31.6 AM GMT:ERROR:creative_new_tab_page_ads_util.cc(123)] Successfully saved creative new tab page ads
[Sep 30, 2025 9:50:31.6 AM GMT:ERROR:creative_new_tab_page_ads_util.cc(108)] Successfully saved creative set conversions
--------------------------------------------------------------------------------
[Sep 30, 2025 9:56:43.6 AM GMT:ERROR:creative_new_tab_page_ads_util.cc(123)] Successfully saved creative new tab page ads
[Sep 30, 2025 9:56:43.6 AM GMT:ERROR:creative_new_tab_page_ads_util.cc(108)] Successfully saved creative set conversions
--------------------------------------------------------------------------------
[Sep 30, 2025 9:58:57.4 AM GMT:ERROR:creative_new_tab_page_ads_util.cc(123)] Successfully saved creative new tab page ads
[Sep 30, 2025 9:58:57.4 AM GMT:ERROR:creative_new_tab_page_ads_util.cc(108)] Successfully saved creative set conversions
--------------------------------------------------------------------------------
[Sep 30, 2025 10:00:05.7 AM GMT:ERROR:creative_new_tab_page_ads_util.cc(123)] Successfully saved creative new tab page ads
[Sep 30, 2025 10:00:05.7 AM GMT:ERROR:creative_new_tab_page_ads_util.cc(108)] Successfully saved creative set conversions
--------------------------------------------------------------------------------
[Sep 30, 2025 10:12:20.4 AM GMT:ERROR:creative_new_tab_page_ads_util.cc(123)] Successfully saved creative new tab page ads
[Sep 30, 2025 10:12:20.4 AM GMT:ERROR:creative_new_tab_page_ads_util.cc(108)] Successfully saved creative set conversions
--------------------------------------------------------------------------------
[Sep 30, 2025 10:19:16.3 AM GMT:ERROR:creative_new_tab_page_ads_util.cc(123)] Successfully saved creative new tab page ads
[Sep 30, 2025 10:19:16.3 AM GMT:ERROR:creative_new_tab_page_ads_util.cc(108)] Successfully saved creative set conversions
--------------------------------------------------------------------------------
[Oct 07, 2025 9:14:02.2 AM GMT:ERROR:creative_new_tab_page_ads_util.cc(123)] Successfully saved creative new tab page ads
[Oct 07, 2025 9:14:02.2 AM GMT:ERROR:creative_new_tab_page_ads_util.cc(108)] Successfully saved creative set conversions
[Oct 07, 2025 9:14:10.5 AM GMT:ERROR:creative_new_tab_page_ads_util.cc(123)] Successfully saved creative new tab page ads
[Oct 07, 2025 9:14:10.5 AM GMT:ERROR:creative_new_tab_page_ads_util.cc(108)] Successfully saved creative set conversions
--------------------------------------------------------------------------------
[Oct 07, 2025 9:32:27.5 AM GMT:ERROR:creative_new_tab_page_ads_util.cc(123)] Successfully saved creative new tab page ads
[Oct 07, 2025 9:32:27.5 AM GMT:ERROR:creative_new_tab_page_ads_util.cc(108)] Successfully saved creative set conversions
--------------------------------------------------------------------------------
[Oct 07, 2025 9:39:19.8 AM GMT:ERROR:creative_new_tab_page_ads_util.cc(123)] Successfully saved creative new tab page ads
[Oct 07, 2025 9:39:19.8 AM GMT:ERROR:creative_new_tab_page_ads_util.cc(108)] Successfully saved creative set conversions
--------------------------------------------------------------------------------
[Oct 07, 2025 9:42:10.5 AM GMT:ERROR:creative_new_tab_page_ads_util.cc(123)] Successfully saved creative new tab page ads
[Oct 07, 2025 9:42:10.5 AM GMT:ERROR:creative_new_tab_page_ads_util.cc(108)] Successfully saved creative set conversions
--------------------------------------------------------------------------------
[Oct 07, 2025 3:31:16.8 PM GMT:ERROR:creative_new_tab_page_ads_util.cc(123)] Successfully saved creative new tab page ads
[Oct 07, 2025 3:31:16.8 PM GMT:ERROR:creative_new_tab_page_ads_util.cc(108)] Successfully saved creative set conversions
--------------------------------------------------------------------------------
[Oct 07, 2025 3:35:02.3 PM GMT:ERROR:creative_new_tab_page_ads_util.cc(123)] Successfully saved creative new tab page ads
[Oct 07, 2025 3:35:02.3 PM GMT:ERROR:creative_new_tab_page_ads_util.cc(108)] Successfully saved creative set conversions
--------------------------------------------------------------------------------
[Oct 07, 2025 3:50:13.2 PM GMT:ERROR:creative_new_tab_page_ads_util.cc(123)] Successfully saved creative new tab page ads
[Oct 07, 2025 3:50:13.2 PM GMT:ERROR:creative_new_tab_page_ads_util.cc(108)] Successfully saved creative set conversions
--------------------------------------------------------------------------------
[Oct 08, 2025 1:46:34.9 PM GMT:ERROR:creative_new_tab_page_ads_util.cc(123)] Successfully saved creative new tab page ads
[Oct 08, 2025 1:46:34.9 PM GMT:ERROR:creative_new_tab_page_ads_util.cc(108)] Successfully saved creative set conversions
[Oct 08, 2025 1:46:47.4 PM GMT:ERROR:creative_new_tab_page_ads_util.cc(123)] Successfully saved creative new tab page ads
[Oct 08, 2025 1:46:47.4 PM GMT:ERROR:creative_new_tab_page_ads_util.cc(108)] Successfully saved creative set conversions
--------------------------------------------------------------------------------
[Oct 08, 2025 1:52:28.3 PM GMT:ERROR:creative_new_tab_page_ads_util.cc(123)] Successfully saved creative new tab page ads
[Oct 08, 2025 1:52:28.3 PM GMT:ERROR:creative_new_tab_page_ads_util.cc(108)] Successfully saved creative set conversions
--------------------------------------------------------------------------------
[Oct 08, 2025 1:58:41.2 PM GMT:ERROR:creative_new_tab_page_ads_util.cc(123)] Successfully saved creative new tab page ads
[Oct 08, 2025 1:58:41.2 PM GMT:ERROR:creative_new_tab_page_ads_util.cc(108)] Successfully saved creative set conversions
--------------------------------------------------------------------------------
[Oct 08, 2025 2:01:01.8 PM GMT:ERROR:creative_new_tab_page_ads_util.cc(123)] Successfully saved creative new tab page ads
[Oct 08, 2025 2:01:01.8 PM GMT:ERROR:creative_new_tab_page_ads_util.cc(108)] Successfully saved creative set conversions
--------------------------------------------------------------------------------
[Oct 08, 2025 2:17:52.2 PM GMT:ERROR:creative_new_tab_page_ads_util.cc(123)] Successfully saved creative new tab page ads
[Oct 08, 2025 2:17:52.2 PM GMT:ERROR:creative_new_tab_page_ads_util.cc(108)] Successfully saved creative set conversions
--------------------------------------------------------------------------------
[Oct 08, 2025 3:55:21.8 PM GMT:ERROR:creative_new_tab_page_ads_util.cc(123)] Successfully saved creative new tab page ads
[Oct 08, 2025 3:55:21.8 PM GMT:ERROR:creative_new_tab_page_ads_util.cc(108)] Successfully saved creative set conversions
--------------------------------------------------------------------------------
[Oct 08, 2025 4:01:50.6 PM GMT:ERROR:creative_new_tab_page_ads_util.cc(123)] Successfully saved creative new tab page ads
[Oct 08, 2025 4:01:50.6 PM GMT:ERROR:creative_new_tab_page_ads_util.cc(108)] Successfully saved creative set conversions
--------------------------------------------------------------------------------
[Oct 08, 2025 4:08:30.1 PM GMT:ERROR:creative_new_tab_page_ads_util.cc(123)] Successfully saved creative new tab page ads
[Oct 08, 2025 4:08:30.1 PM GMT:ERROR:creative_new_tab_page_ads_util.cc(108)] Successfully saved creative set conversions
--------------------------------------------------------------------------------
[Oct 08, 2025 4:27:15.3 PM GMT:ERROR:creative_new_tab_page_ads_util.cc(123)] Successfully saved creative new tab page ads
[Oct 08, 2025 4:27:15.3 PM GMT:ERROR:creative_new_tab_page_ads_util.cc(108)] Successfully saved creative set conversions
--------------------------------------------------------------------------------
[Oct 08, 2025 4:31:50.9 PM GMT:ERROR:creative_new_tab_page_ads_util.cc(123)] Successfully saved creative new tab page ads
[Oct 08, 2025 4:31:50.9 PM GMT:ERROR:creative_new_tab_page_ads_util.cc(108)] Successfully saved creative set conversions
--------------------------------------------------------------------------------
[Oct 08, 2025 4:48:09.2 PM GMT:ERROR:creative_new_tab_page_ads_util.cc(123)] Successfully saved creative new tab page ads
[Oct 08, 2025 4:48:09.2 PM GMT:ERROR:creative_new_tab_page_ads_util.cc(108)] Successfully saved creative set conversions
--------------------------------------------------------------------------------
[Oct 08, 2025 4:50:23.8 PM GMT:ERROR:creative_new_tab_page_ads_util.cc(123)] Successfully saved creative new tab page ads
[Oct 08, 2025 4:50:23.8 PM GMT:ERROR:creative_new_tab_page_ads_util.cc(108)] Successfully saved creative set conversions
--------------------------------------------------------------------------------
[Oct 08, 2025 4:55:02.9 PM GMT:ERROR:creative_new_tab_page_ads_util.cc(123)] Successfully saved creative new tab page ads
[Oct 08, 2025 4:55:02.9 PM GMT:ERROR:creative_new_tab_page_ads_util.cc(108)] Successfully saved creative set conversions
--------------------------------------------------------------------------------
[Oct 08, 2025 4:59:06.5 PM GMT:ERROR:creative_new_tab_page_ads_util.cc(123)] Successfully saved creative new tab page ads
[Oct 08, 2025 4:59:06.5 PM GMT:ERROR:creative_new_tab_page_ads_util.cc(108)] Successfully saved creative set conversions
--------------------------------------------------------------------------------
[Oct 08, 2025 5:09:06.2 PM GMT:ERROR:creative_new_tab_page_ads_util.cc(123)] Successfully saved creative new tab page ads
[Oct 08, 2025 5:09:06.2 PM GMT:ERROR:creative_new_tab_page_ads_util.cc(108)] Successfully saved creative set conversions
--------------------------------------------------------------------------------
[Oct 08, 2025 5:15:53.2 PM GMT:ERROR:creative_new_tab_page_ads_util.cc(123)] Successfully saved creative new tab page ads
[Oct 08, 2025 5:15:53.2 PM GMT:ERROR:creative_new_tab_page_ads_util.cc(108)] Successfully saved creative set conversions
--------------------------------------------------------------------------------
[Oct 08, 2025 5:19:34.4 PM GMT:ERROR:creative_new_tab_page_ads_util.cc(123)] Successfully saved creative new tab page ads
[Oct 08, 2025 5:19:34.4 PM GMT:ERROR:creative_new_tab_page_ads_util.cc(108)] Successfully saved creative set conversions
