[80715:80757:1007/210113.829220:ERROR:net/disk_cache/blockfile/block_files.cc:445] Failed to open /home/babayaga/Documents/follow-analyser/brave_profile/ShaderCache/data_0
[80715:80715:1007/210113.842880:INFO:brave/components/ntp_background_images/browser/ntp_background_images_service.cc:248] Registering NTP Sponsored Images component for US with ID gccbbckogglekeggclmmekihdgdpdgoe
[80715:80757:1007/210113.918984:ERROR:net/disk_cache/blockfile/block_files.cc:445] Failed to open /home/babayaga/Documents/follow-analyser/brave_profile/Default/DawnWebGPUCache/data_0
[80715:80757:1007/210113.919053:ERROR:net/disk_cache/blockfile/block_files.cc:445] Failed to open /home/babayaga/Documents/follow-analyser/brave_profile/Default/DawnGraphiteCache/data_0
[80760:80760:1007/210114.061791:WARNING:sandbox/policy/linux/sandbox_linux.cc:414] InitializeSandbox() called with multiple threads in process gpu-process.
[80715:80757:1007/210114.063676:ERROR:net/disk_cache/blockfile/block_files.cc:445] Failed to open /home/babayaga/Documents/follow-analyser/brave_profile/GrShaderCache/data_0
[80715:80757:1007/210114.063785:ERROR:net/disk_cache/blockfile/block_files.cc:445] Failed to open /home/babayaga/Documents/follow-analyser/brave_profile/GraphiteDawnCache/data_0
[80715:80715:1007/210114.863817:INFO:CONSOLE:0] "Error with Permissions-Policy header: Unrecognized feature: 'attribution-reporting'.", source:  (0)
[80715:80715:1007/210114.863845:INFO:CONSOLE:0] "Error with Permissions-Policy header: Unrecognized feature: 'bluetooth'.", source:  (0)
[80715:80715:1007/210114.863853:INFO:CONSOLE:0] "Error with Permissions-Policy header: Unrecognized feature: 'interest-cohort'.", source:  (0)
[80715:80715:1007/210114.863861:INFO:CONSOLE:0] "Error with Permissions-Policy header: Unrecognized feature: 'otp-credentials'.", source:  (0)
[80715:80715:1007/210114.863868:INFO:CONSOLE:0] "Error with Permissions-Policy header: Unrecognized feature: 'private-state-token-issuance'.", source:  (0)
[80715:80715:1007/210114.863874:INFO:CONSOLE:0] "Error with Permissions-Policy header: Unrecognized feature: 'shared-storage'.", source:  (0)
[80715:80715:1007/210114.863889:INFO:CONSOLE:0] "Error with Permissions-Policy header: Unrecognized feature: 'shared-storage-select-url'.", source:  (0)
[80715:80715:1007/210114.863895:INFO:CONSOLE:0] "Error with Permissions-Policy header: Unrecognized feature: 'private-state-token-redemption'.", source:  (0)
[80715:80715:1007/210115.488096:INFO:CONSOLE:0] "Error with Permissions-Policy header: Unrecognized feature: 'attribution-reporting'.", source:  (0)
[80715:80715:1007/210115.488151:INFO:CONSOLE:0] "Error with Permissions-Policy header: Unrecognized feature: 'bluetooth'.", source:  (0)
[80715:80715:1007/210115.488181:INFO:CONSOLE:0] "Error with Permissions-Policy header: Unrecognized feature: 'interest-cohort'.", source:  (0)
[80715:80715:1007/210115.488203:INFO:CONSOLE:0] "Error with Permissions-Policy header: Unrecognized feature: 'otp-credentials'.", source:  (0)
[80715:80715:1007/210115.488221:INFO:CONSOLE:0] "Error with Permissions-Policy header: Unrecognized feature: 'private-state-token-issuance'.", source:  (0)
[80715:80715:1007/210115.488238:INFO:CONSOLE:0] "Error with Permissions-Policy header: Unrecognized feature: 'shared-storage'.", source:  (0)
[80715:80715:1007/210115.488257:INFO:CONSOLE:0] "Error with Permissions-Policy header: Unrecognized feature: 'shared-storage-select-url'.", source:  (0)
[80715:80715:1007/210115.488275:INFO:CONSOLE:0] "Error with Permissions-Policy header: Unrecognized feature: 'private-state-token-redemption'.", source:  (0)
[80715:80715:1007/210116.170986:INFO:CONSOLE:251] "
%cStop! font-family:helvetica; font-size:20px; font-size:50px; font-weight:bold; color:red; -webkit-text-stroke:1px black;", source: https://static.cdninstagram.com/rsrc.php/v4/yy/r/w1h-ova-3IC.js (251)
[80715:80715:1007/210116.171054:INFO:CONSOLE:251] "
%cThis is a browser feature intended for developers. If someone told you to copy-paste something here to enable an Instagram feature or "hack" someone's account, it is a scam and will give them access to your Instagram account. font-family:helvetica; font-size:20px; ", source: https://static.cdninstagram.com/rsrc.php/v4/yy/r/w1h-ova-3IC.js (251)
[80715:80715:1007/210116.171102:INFO:CONSOLE:251] "
%cSee https://www.facebook.com/selfxss for more information. font-family:helvetica; font-size:20px; ", source: https://static.cdninstagram.com/rsrc.php/v4/yy/r/w1h-ova-3IC.js (251)
[80715:80715:1007/210116.171125:INFO:CONSOLE:251] "
%c ", source: https://static.cdninstagram.com/rsrc.php/v4/yy/r/w1h-ova-3IC.js (251)
[80760:80760:1007/210116.175102:ERROR:gpu/command_buffer/service/gles2_cmd_decoder_passthrough.cc:1100] [GroupMarkerNotSet(crbug.com/242999)!:A0301F001C1D0000]Automatic fallback to software WebGL has been deprecated. Please use the --enable-unsafe-swiftshader (about:flags#enable-unsafe-swiftshader) flag to opt in to lower security guarantees for trusted content.
[80715:80715:1007/210116.178782:INFO:CONSOLE:0] "[GroupMarkerNotSet(crbug.com/242999)!:A0301F001C1D0000]Automatic fallback to software WebGL has been deprecated. Please use the --enable-unsafe-swiftshader (about:flags#enable-unsafe-swiftshader) flag to opt in to lower security guarantees for trusted content.", source: https://www.instagram.com/reetikrana/ (0)
[80760:80760:1007/210116.191558:ERROR:gpu/command_buffer/service/gles2_cmd_decoder_passthrough.cc:1100] [GroupMarkerNotSet(crbug.com/242999)!:A0601F001C1D0000]Automatic fallback to software WebGL has been deprecated. Please use the --enable-unsafe-swiftshader (about:flags#enable-unsafe-swiftshader) flag to opt in to lower security guarantees for trusted content.
[80715:80715:1007/210116.198678:INFO:CONSOLE:0] "[GroupMarkerNotSet(crbug.com/242999)!:A0601F001C1D0000]Automatic fallback to software WebGL has been deprecated. Please use the --enable-unsafe-swiftshader (about:flags#enable-unsafe-swiftshader) flag to opt in to lower security guarantees for trusted content.", source: https://www.instagram.com/reetikrana/ (0)
[80715:80715:1007/210116.731945:INFO:CONSOLE:0] "Banner not shown: beforeinstallpromptevent.preventDefault() called. The page must call beforeinstallpromptevent.prompt() to show the banner.", source: https://www.instagram.com/reetikrana/ (0)
[80715:80715:1007/210116.866675:INFO:brave/components/brave_ads/core/internal/creatives/new_tab_page_ads/creative_new_tab_page_ads_util.cc:123] Successfully saved creative new tab page ads
[80715:80715:1007/210116.866766:INFO:brave/components/brave_ads/core/internal/creatives/new_tab_page_ads/creative_new_tab_page_ads_util.cc:108] Successfully saved creative set conversions
[80715:80715:1007/210119.686262:INFO:CONSOLE:0] "Error with Permissions-Policy header: Unrecognized feature: 'attribution-reporting'.", source:  (0)
[80715:80715:1007/210119.686316:INFO:CONSOLE:0] "Error with Permissions-Policy header: Unrecognized feature: 'bluetooth'.", source:  (0)
[80715:80715:1007/210119.686342:INFO:CONSOLE:0] "Error with Permissions-Policy header: Unrecognized feature: 'browsing-topics'.", source:  (0)
[80715:80715:1007/210119.686360:INFO:CONSOLE:0] "Error with Permissions-Policy header: Unrecognized feature: 'interest-cohort'.", source:  (0)
[80715:80715:1007/210119.686381:INFO:CONSOLE:0] "Error with Permissions-Policy header: Unrecognized feature: 'otp-credentials'.", source:  (0)
[80715:80715:1007/210119.686398:INFO:CONSOLE:0] "Error with Permissions-Policy header: Unrecognized feature: 'private-state-token-issuance'.", source:  (0)
[80715:80715:1007/210119.686418:INFO:CONSOLE:0] "Error with Permissions-Policy header: Unrecognized feature: 'shared-storage'.", source:  (0)
[80715:80715:1007/210119.686435:INFO:CONSOLE:0] "Error with Permissions-Policy header: Unrecognized feature: 'shared-storage-select-url'.", source:  (0)
[80715:80715:1007/210119.686460:INFO:CONSOLE:0] "Error with Permissions-Policy header: Unrecognized feature: 'private-state-token-redemption'.", source:  (0)
[80715:80715:1007/210119.931681:INFO:CONSOLE:247] "Permissions policy violation: unload is not allowed in this document.", source: https://static.xx.fbcdn.net/rsrc.php/v4/yy/r/w1h-ova-3IC.js (247)
